-------------------------------------------------------------------------------
Test set: com.presidentio.testdatagenerator.SqlFileTest
-------------------------------------------------------------------------------
Tests run: 1, Failures: 0, Errors: 1, Skipped: 0, Time elapsed: 0.05 sec <<< FAILURE!
testGenerate(com.presidentio.testdatagenerator.SqlFileTest)  Time elapsed: 0.04 sec  <<< ERROR!
java.lang.IllegalStateException: org.codehaus.jackson.map.JsonMappingException: Unknown expression: invalid (through reference chain: com.presidentio.testdatagenerator.model.Schema["output"]->com.presidentio.testdatagenerator.model.Output["props"])
	at com.presidentio.testdatagenerator.parser.SchemaBuilder.fromResource(SchemaBuilder.java:26)
	at com.presidentio.testdatagenerator.AbstractGeneratorTest.testGenerate(AbstractGeneratorTest.java:35)
	at sun.reflect.NativeMethodAccessorImpl.invoke0(Native Method)
	at sun.reflect.NativeMethodAccessorImpl.invoke(NativeMethodAccessorImpl.java:62)
	at sun.reflect.DelegatingMethodAccessorImpl.invoke(DelegatingMethodAccessorImpl.java:43)
	at java.lang.reflect.Method.invoke(Method.java:498)
	at org.junit.runners.model.FrameworkMethod$1.runReflectiveCall(FrameworkMethod.java:47)
	at org.junit.internal.runners.model.ReflectiveCallable.run(ReflectiveCallable.java:12)
	at org.junit.runners.model.FrameworkMethod.invokeExplosively(FrameworkMethod.java:44)
	at org.junit.internal.runners.statements.InvokeMethod.evaluate(InvokeMethod.java:17)
	at org.junit.internal.runners.statements.RunBefores.evaluate(RunBefores.java:26)
	at org.junit.internal.runners.statements.RunAfters.evaluate(RunAfters.java:27)
	at org.junit.runners.ParentRunner.runLeaf(ParentRunner.java:271)
	at org.junit.runners.BlockJUnit4ClassRunner.runChild(BlockJUnit4ClassRunner.java:70)
	at org.junit.runners.BlockJUnit4ClassRunner.runChild(BlockJUnit4ClassRunner.java:50)
	at org.junit.runners.ParentRunner$3.run(ParentRunner.java:238)
	at org.junit.runners.ParentRunner$1.schedule(ParentRunner.java:63)
	at org.junit.runners.ParentRunner.runChildren(ParentRunner.java:236)
	at org.junit.runners.ParentRunner.access$000(ParentRunner.java:53)
	at org.junit.runners.ParentRunner$2.evaluate(ParentRunner.java:229)
	at org.junit.runners.ParentRunner.run(ParentRunner.java:309)
	at org.apache.maven.surefire.junit4.JUnit4Provider.execute(JUnit4Provider.java:252)
	at org.apache.maven.surefire.junit4.JUnit4Provider.executeTestSet(JUnit4Provider.java:141)
	at org.apache.maven.surefire.junit4.JUnit4Provider.invoke(JUnit4Provider.java:112)
	at sun.reflect.NativeMethodAccessorImpl.invoke0(Native Method)
	at sun.reflect.NativeMethodAccessorImpl.invoke(NativeMethodAccessorImpl.java:62)
	at sun.reflect.DelegatingMethodAccessorImpl.invoke(DelegatingMethodAccessorImpl.java:43)
	at java.lang.reflect.Method.invoke(Method.java:498)
	at org.apache.maven.surefire.util.ReflectionUtils.invokeMethodWithArray(ReflectionUtils.java:189)
	at org.apache.maven.surefire.booter.ProviderFactory$ProviderProxy.invoke(ProviderFactory.java:165)
	at org.apache.maven.surefire.booter.ProviderFactory.invokeProvider(ProviderFactory.java:85)
	at org.apache.maven.surefire.booter.ForkedBooter.runSuitesInProcess(ForkedBooter.java:115)
	at org.apache.maven.surefire.booter.ForkedBooter.main(ForkedBooter.java:75)
Caused by: org.codehaus.jackson.map.JsonMappingException: Unknown expression: invalid (through reference chain: com.presidentio.testdatagenerator.model.Schema["output"]->com.presidentio.testdatagenerator.model.Output["props"])
	at org.codehaus.jackson.map.JsonMappingException.wrapWithPath(JsonMappingException.java:218)
	at org.codehaus.jackson.map.JsonMappingException.wrapWithPath(JsonMappingException.java:183)
	at org.codehaus.jackson.map.deser.BeanDeserializer.wrapAndThrow(BeanDeserializer.java:1472)
	at org.codehaus.jackson.map.deser.BeanDeserializer.deserializeFromObject(BeanDeserializer.java:699)
	at org.codehaus.jackson.map.deser.BeanDeserializer.deserialize(BeanDeserializer.java:580)
	at org.codehaus.jackson.map.deser.SettableBeanProperty.deserialize(SettableBeanProperty.java:299)
	at org.codehaus.jackson.map.deser.SettableBeanProperty$MethodProperty.deserializeAndSet(SettableBeanProperty.java:414)
	at org.codehaus.jackson.map.deser.BeanDeserializer.deserializeFromObject(BeanDeserializer.java:697)
	at org.codehaus.jackson.map.deser.BeanDeserializer.deserialize(BeanDeserializer.java:580)
	at org.codehaus.jackson.map.ObjectMapper._readMapAndClose(ObjectMapper.java:2732)
	at org.codehaus.jackson.map.ObjectMapper.readValue(ObjectMapper.java:1909)
	at com.presidentio.testdatagenerator.parser.JsonSchemaSerializer.deserialize(JsonSchemaSerializer.java:39)
	at com.presidentio.testdatagenerator.parser.SchemaBuilder.fromResource(SchemaBuilder.java:21)
	... 32 more
Caused by: java.lang.IllegalArgumentException: Unknown expression: invalid
	at com.presidentio.testdatagenerator.parser.StringDeserializer.evaluate(StringDeserializer.java:42)
	at com.presidentio.testdatagenerator.parser.StringDeserializer.formatString(StringDeserializer.java:30)
	at com.presidentio.testdatagenerator.parser.StringDeserializer.deserialize(StringDeserializer.java:20)
	at com.presidentio.testdatagenerator.parser.StringDeserializer.deserialize(StringDeserializer.java:12)
	at org.codehaus.jackson.map.deser.std.MapDeserializer._readAndBind(MapDeserializer.java:319)
	at org.codehaus.jackson.map.deser.std.MapDeserializer.deserialize(MapDeserializer.java:249)
	at org.codehaus.jackson.map.deser.std.MapDeserializer.deserialize(MapDeserializer.java:33)
	at org.codehaus.jackson.map.deser.SettableBeanProperty.deserialize(SettableBeanProperty.java:299)
	at org.codehaus.jackson.map.deser.SettableBeanProperty$MethodProperty.deserializeAndSet(SettableBeanProperty.java:414)
	at org.codehaus.jackson.map.deser.BeanDeserializer.deserializeFromObject(BeanDeserializer.java:697)
	... 41 more

