Results :

Tests in error: 
  testGenerate(com.presidentio.testdatagenerator.SqlFileTest): Illegal type for email required string: int

Tests run: 31, Failures: 0, Errors: 1, Skipped: 1

[INFO] ------------------------------------------------------------------------
[INFO] BUILD FAILURE
[INFO] ------------------------------------------------------------------------
[INFO] Total time: 50.343 s
[INFO] Finished at: 2018-04-17T00:52:22-04:00
[INFO] Final Memory: 22M/231M
[INFO] ------------------------------------------------------------------------
[ERROR] Failed to execute goal org.apache.maven.plugins:maven-surefire-plugin:2.12.4:test (default-test) on project test-data-generator: There are test failures.